# JRE version: Java(TM) SE Runtime Environment (8.0_141-b15) (build 1.8.0_141-b15)
# Java VM: Java HotSpot(TM) 64-Bit Server VM (25.141-b15 mixed mode windows-amd64 compressed oops)
Heap:
 PSYoungGen      total 57344K, used 28388K [0x0000000780980000, 0x0000000784980000, 0x00000007c0000000)
  eden space 49152K, 57% used [0x0000000780980000,0x0000000782539100,0x0000000783980000)
  from space 8192K, 0% used [0x0000000783980000,0x0000000783980000,0x0000000784180000)
  to   space 8192K, 0% used [0x0000000784180000,0x0000000784180000,0x0000000784980000)
 ParOldGen       total 96768K, used 6235K [0x0000000701c00000, 0x0000000707a80000, 0x0000000780980000)
  object space 96768K, 6% used [0x0000000701c00000,0x0000000702216f28,0x0000000707a80000)
 Metaspace       used 24952K, capacity 26064K, committed 26368K, reserved 1071104K
  class space    used 3514K, capacity 3751K, committed 3840K, reserved 1048576K
GC Heap History (4 events):
Event: 1.186 GC heap before
{Heap before GC invocations=1 (full 0):
 PSYoungGen      total 57344K, used 40298K [0x0000000780980000, 0x0000000784980000, 0x00000007c0000000)
  eden space 49152K, 81% used [0x0000000780980000,0x00000007830daae8,0x0000000783980000)
  from space 8192K, 0% used [0x0000000784180000,0x0000000784180000,0x0000000784980000)
  to   space 8192K, 0% used [0x0000000783980000,0x0000000783980000,0x0000000784180000)
 ParOldGen       total 131072K, used 0K [0x0000000701c00000, 0x0000000709c00000, 0x0000000780980000)
  object space 131072K, 0% used [0x0000000701c00000,0x0000000701c00000,0x0000000709c00000)
 Metaspace       used 20542K, capacity 21104K, committed 21296K, reserved 1067008K
  class space    used 2783K, capacity 2937K, committed 2944K, reserved 1048576K
Event: 1.193 GC heap after
Heap after GC invocations=1 (full 0):
 PSYoungGen      total 57344K, used 6354K [0x0000000780980000, 0x0000000784980000, 0x00000007c0000000)
  eden space 49152K, 0% used [0x0000000780980000,0x0000000780980000,0x0000000783980000)
  from space 8192K, 77% used [0x0000000783980000,0x0000000783fb4a70,0x0000000784180000)
  to   space 8192K, 0% used [0x0000000784180000,0x0000000784180000,0x0000000784980000)
 ParOldGen       total 131072K, used 16K [0x0000000701c00000, 0x0000000709c00000, 0x0000000780980000)
  object space 131072K, 0% used [0x0000000701c00000,0x0000000701c04000,0x0000000709c00000)
 Metaspace       used 20542K, capacity 21104K, committed 21296K, reserved 1067008K
  class space    used 2783K, capacity 2937K, committed 2944K, reserved 1048576K
}
Event: 1.193 GC heap before
{Heap before GC invocations=2 (full 1):
 PSYoungGen      total 57344K, used 6354K [0x0000000780980000, 0x0000000784980000, 0x00000007c0000000)
  eden space 49152K, 0% used [0x0000000780980000,0x0000000780980000,0x0000000783980000)
  from space 8192K, 77% used [0x0000000783980000,0x0000000783fb4a70,0x0000000784180000)
  to   space 8192K, 0% used [0x0000000784180000,0x0000000784180000,0x0000000784980000)
 ParOldGen       total 131072K, used 16K [0x0000000701c00000, 0x0000000709c00000, 0x0000000780980000)
  object space 131072K, 0% used [0x0000000701c00000,0x0000000701c04000,0x0000000709c00000)
 Metaspace       used 20542K, capacity 21104K, committed 21296K, reserved 1067008K
  class space    used 2783K, capacity 2937K, committed 2944K, reserved 1048576K
Event: 1.227 GC heap after
Heap after GC invocations=2 (full 1):
 PSYoungGen      total 57344K, used 0K [0x0000000780980000, 0x0000000784980000, 0x00000007c0000000)
  eden space 49152K, 0% used [0x0000000780980000,0x0000000780980000,0x0000000783980000)
  from space 8192K, 0% used [0x0000000783980000,0x0000000783980000,0x0000000784180000)
  to   space 8192K, 0% used [0x0000000784180000,0x0000000784180000,0x0000000784980000)
 ParOldGen       total 96768K, used 6235K [0x0000000701c00000, 0x0000000707a80000, 0x0000000780980000)
  object space 96768K, 6% used [0x0000000701c00000,0x0000000702216f28,0x0000000707a80000)
 Metaspace       used 20542K, capacity 21104K, committed 21296K, reserved 1067008K
  class space    used 2783K, capacity 2937K, committed 2944K, reserved 1048576K
}

